# ----------------------------------------
# Jasper Version Info
# tool      : Jasper 2024.06
# platform  : Linux 4.18.0-553.30.1.el8_10.x86_64
# version   : 2024.06p002 64 bits
# build date: 2024.09.02 16:28:38 UTC
# ----------------------------------------
# started   : 2024-12-11 13:05:39 EST
# hostname  : micro27.(none)
# pid       : 1345196
# arguments : '-label' 'session_0' '-console' '//127.0.0.1:34087' '-style' 'windows' '-data' 'AAAAfnicY2RgYLCp////PwMYMD6A0Aw2jAyoAMRnQhUJbEChGRhYYZqRNYkxlDDkMxQwxDMUM5QxJDLoAfnJDDlgeQDxagtE' '-proj' '/homes/user/stud/fall23/ym3000/6863/CSEE-6863-Final-Project/SVA/top/jgproject/sessionLogs/session_0' '-init' '-hidden' '/homes/user/stud/fall23/ym3000/6863/CSEE-6863-Final-Project/SVA/top/jgproject/.tmp/.initCmds.tcl' 'top_sva.tcl'

Any disclosure about the Cadence Design Systems software or its use
model to any third party violates the written Non-Disclosure Agreement
between Cadence Design Systems, Inc. and the customer.

THIS SOFTWARE CONTAINS CONFIDENTIAL INFORMATION AND TRADE SECRETS OF
CADENCE DESIGN SYSTEMS, INC. USE, DISCLOSURE, OR REPRODUCTION IS
PROHIBITED WITHOUT THE PRIOR EXPRESS WRITTEN PERMISSION OF CADENCE
DESIGN SYSTEMS, INC.

Copyright (C) 2000-2024 Cadence Design Systems, Inc. All Rights
Reserved.  Unpublished -- rights reserved under the copyright laws of
the United States.

This product includes software developed by others and redistributed
according to license agreement. See doc/third_party_readme.txt for
further details.

RESTRICTED RIGHTS LEGEND

Use, duplication, or disclosure by the Government is subject to
restrictions as set forth in subparagraph (c) (1) (ii) of the Rights in
Technical Data and Computer Software clause at DFARS 252.227-7013 or
subparagraphs (c) (1) and (2) of Commercial Computer Software -- Restricted
Rights at 48 CFR 52.227-19, as applicable.


                          Cadence Design Systems, Inc.
                          2655 Seely Avenue
                          San Jose, CA 95134
                          Phone: 408.943.1234

For technical assistance visit http://support.cadence.com.

Jasper Apps Analysis Session - /homes/user/stud/fall23/ym3000/6863/CSEE-6863-Final-Project/SVA/top/jgproject/sessionLogs/session_0

INFO: successfully checked out licenses "jasper_interactive" and "jasper_fao".
INFO: reading configuration file "/user/stud/fall23/ym3000/.config/cadence/jasper.conf".
% clear -all
INFO (IPF121): Cleared environment completely for new design analysis.
% 
% analyze -sv09 top_sva.sv
[-- (VERI-1482)] Analyzing Verilog file '/tools/cadence/jasper_2024.06p002/lib/verilog/packages/std/std.sv' into library 'std'
[-- (VERI-1482)] Analyzing Verilog file 'top_sva.sv'
% analyze -sv09 ../../RTL/top.v
[-- (VERI-1482)] Analyzing Verilog file '../../RTL/top.v'
[INFO (VERI-2561)] ../../RTL/top.v(24): undeclared symbol 'Penable_temp', assumed default net type 'wire'
[INFO (VERI-2561)] ../../RTL/top.v(24): undeclared symbol 'Hreadyout_temp', assumed default net type 'wire'
[INFO (VERI-2561)] ../../RTL/top.v(24): undeclared symbol 'Pwrite_temp', assumed default net type 'wire'
[INFO (VERI-2561)] ../../RTL/top.v(24): undeclared symbol 'Pselx_temp', assumed default net type 'wire'
[INFO (VERI-2561)] ../../RTL/top.v(24): undeclared symbol 'Paddr_temp', assumed default net type 'wire'
[INFO (VERI-2561)] ../../RTL/top.v(24): undeclared symbol 'Pwdata_temp', assumed default net type 'wire'
% analyze -sv09 ../../RTL/AHB_Interface.v
[-- (VERI-1482)] Analyzing Verilog file '../../RTL/AHB_Interface.v'
% analyze -sv09 ../../RTL/APB_FSM.v
[-- (VERI-1482)] Analyzing Verilog file '../../RTL/APB_FSM.v'
% elaborate -top Bridge_Top
INFO (ISW003): Top module name is "Bridge_Top".
[INFO (HIER-8002)] ../../RTL/top.v(27): Disabling old hierarchical reference handler
[INFO (VERI-1018)] ../../RTL/AHB_Interface.v(12): compiling module 'AHB_slave_interface'
[INFO (VERI-1018)] ../../RTL/APB_FSM.v(2): compiling module 'APB_FSM'
[INFO (VERI-1018)] top_sva.sv(1): compiling module 'top_sva'
[INFO (VERI-1018)] ../../RTL/top.v(1): compiling module 'Bridge_Top'
[WARN (VERI-1098)] ../../RTL/top.v(6): port 'Hreadyout' is already defined
[WARN (VERI-1330)] ../../RTL/top.v(24): actual bit length 1 differs from formal bit length 3 for port 'Pselx_temp'
[WARN (VERI-1330)] ../../RTL/top.v(24): actual bit length 1 differs from formal bit length 32 for port 'Paddr_temp'
[WARN (VERI-1330)] ../../RTL/top.v(24): actual bit length 1 differs from formal bit length 32 for port 'Pwdata_temp'
INFO (INL208): Elaboration synthesis summary:
  Number of synthesized netlists          5 (1 packages)
  Single run mode                         On
  Pipeline                                On (4 pipelined netlists)
  Late hierarchical reference connection  On
  Number of analyzed Verilog modules      5 (5 synthesized)
  Number of analyzed VHDL entities        0 (0 synthesized)
INFO (INL003): Clearing all state information (assumes, stopats, and so forth).
Bridge_Top
[<embedded>] % 
[<embedded>] % clock clk
[<embedded>] % reset ~rst
INFO (IPM031): Clearing proof results of all properties.
INFO (IRS006): Current reset condition is "rst".
[<embedded>] % prove -bg -all
Ncustom1: Custom engine code is hT3Ng7hPPfiYQOTDZ3qhYOwGAM51eA+J/FjkM5shLioAsqhgLR4Ft+O1BuKG6ilQ83B9tLXSl+CwjiTMAQA
Bcustom2: Custom engine code is hT3Nm7hPr1Vp3Di1Ra2USNIGL4JypRnLKLAdF6JAyuavO2JfGCiY9OZJhcAcOUnLx5xwNdhILGrAWX9s+z2WDkKwNR7tAfClBEjRFVQeq6DU54boFgEA
AMcustom3: Custom engine code is hT3Ng7hP/feYQOTDZ3qhYOwGAM51eA+J/FjkM5shLioAsqhgLR4Ft+O1BuKG6ilQ83B9tLXSmmqwm7g9AQA
Mpcustom4: Custom engine code is hT3NZbhP9fmY2AbBQnsjfOxn6c+6e6yL+/e8fZFmaQrnlgEA
background 0
INFO (IPF036): Starting proof on task: "<embedded>", 11 properties to prove with 0 already proven/unreachable
INFO (IRS029): Starting reset analysis: phase 1 of 4.
INFO (IRS030): Running reset analysis: phase 2 of 4.
INFO (IRS031): Running reset analysis: phase 3 of 4.
INFO (IRS020): Starting the reset analysis simulation with a limit of 100 iterations (phase 4 of 4).
INFO (IRS024): Reset iterations 0 to 4 analyzed.
INFO (IRS018): Reset analysis simulation executed for 3 iterations. Assigned values for 202 of 202 design flops, 36 of 68 design latches, 21 of 21 internal elements.
INFO (IRS039): Reset analysis complete.
INFO (IPF031): Settings used for proof thread 0:
    orchestration                 = on
    time_limit                    = 86400s
    per_property_time_limit       = 1s * 10 ^ scan
    engine_mode                   = auto
    proofgrid_per_engine_max_jobs = 1
    max engine jobs               = auto
    proofgrid_mode                = local
    proofgrid_restarts            = 10
AMcustom5: Custom engine code is hT3N1rhP11/52HrFRS21ROp2LOjVTgPvT8L8BGXHgLhaIuqtT4nARFjUqrBL+7pLmaTOzBepZW/Jm8SSrHDybSQtoNiO3y43wk+dEoWlsZizu97Fih6O6lPVG/LpWP5SsUPwlGagLNa1FKEFvwVXyX7//8prySbvSxIHXr5er+z4RAEA
Ncustom6: Custom engine code is hT3OXrhPByJp3TrFSTLhUmMH4KVtJgmTCnNDF46yMXOKY48m4LS5nE7yBzFjA7kDuwO/GhGUpEPiky3p3wmPn3dJZHxFMsafSoObRzSC+tn7sEY0WbTdZ/FV4hL3MYH/b1CIUvXSWR4wqEoVLsmMOD4xIPT4lI1LO6ZCO7PnnWQuLwetnvKlrXx6wCW/A+x+enqslg1YPobi4wEF/EvbzOvcTYdJvl2s4H2yZg2b2ofAVN5WvhWk1HoBAA
ADcustom7: Custom engine code is hT3Nv7hPv1752HrFRa2kROx2f/ECJeZB2AZsLdlO8VwmIuqtT4nIDFXclhg+O+o+DMmQCekbheGk0kK28laA9gaOFDXsQp29J3X615HY1IPHJWd6FUFvCHjO+p1k652b5JJvZlShNpGlGSXAiQe/mEAj6tEBAA
Tricustom8: Custom engine code is hT3Nu7hPt1752DvFRa0kNDiyIV97VyejwM9C/jCLJjdPvusZONHY42VYUy0Q1ZotnhcVtNc56tJ5wbxv6V2+XpdsaSlHck5vfnbYjdwj1OECy9U+7oSQ0SZE3g5ayD+Phuh4odCJTjeKa2k4elM9ldQfkAEA
Gcustom9: Custom engine code is hT3NibhPDfeYQADBZnYcglOvK9Pfd7EOeniIqP8jNsyIqInncipMGcUXqAadachREE9F2PwhBUZUNw5kHnd4JdXkamORRgEA
C2custom10: Custom engine code is hT3NirhPjfWYQADBZnYcglOvK9Pfd7EOeniIqP8jNsyIqInncgkrYMMXCYbdK0dUjZIF9d4cJ0rHoBDjwVLBKuG86XYVV00BAA
AGcustom11: Custom engine code is hT3NirhP/fmYQADBZnYcglOvK9Pfd7EOeniIqP8jNsyIqInnckcwYMMXCYbdK0dUjZIF9d4cJ0rHoBDjwVLBKuHEZnZByh0BAA
Bcustom12: Custom engine code is hT3NjrhPDfiYQADBZnYcglOvK9PfWxFtenjIyBqfrgr7if/jL/yPOuK1BAflEcW0DxNH2eDIoezN2gxlQFg81RZtiWXh7aiTAidvAQA
0.0.PRE: A proof was found: No trace exists. [0.00 s]
Ncustom13: Custom engine code is hT3NR7hPByFp3TrFSTLhUmMH4KWtJglTyV/c51BHEeZWamnJv767nE6PCak26bd3gf3XGN3rIRheufhDieCJQVISo+gNYUKhiUedBKGtsP/a18svAnlMJZudHxDFwK5ufsyoxsIyiAeSY2oi3tEuoDHr5gw42DFKAG3PqO3CEsl8Azzdt3pl5nGA1Ifv2H02eYsFzWb/nfp8PMb3F0krE/EgBcm8TD9Div8BAA
INFO (IPF057): 0.0.PRE: The property "Bridge_Top.chk_top.assert_nonseq_write" was proven in 0.00 s.
Tricustom14: Custom engine code is hT3Nu7hP3fiYQADBZnYcglNHp9bfd7EOeniIqP/ji8sGLQu8yhsFO+wxJ+O+R0bU8g/IewXFomyos+viQnWc2xYNYmMqpo3i40O7DaZR7qfp4YqNx26KRvQ/qx0BAA
0.0.PRE: A proof was found: No trace exists. [0.00 s]
INFO (IPF057): 0.0.PRE: The property "Bridge_Top.chk_top.assert_nonseq_read" was proven in 0.00 s.
0.0.PRE: A proof was found: No trace exists. [0.00 s]
INFO (IPF057): 0.0.PRE: The property "Bridge_Top.chk_top.assert_nonseq_timing" was proven in 0.00 s.
0.0.PRE: A proof was found: No trace exists. [0.00 s]
INFO (IPF057): 0.0.PRE: The property "Bridge_Top.chk_top.assert_seq_pselx" was proven in 0.00 s.
0: Found proofs for 4 properties in preprocessing
0: Using multistage preprocessing
0: Starting reduce
0: Finished reduce in 0s
0.0.PRE: Performing Proof Simplification...
0.0.N: clocks: 2, declared: 1, looping: 0, posedge: 2, negedge: 0, noedge: 0, bothedge: 0
0.0.N: Proof Simplification Iteration 1	[0.00 s]
0.0.PRE: A trace with 1 cycles was found. [0.00 s]
INFO (IPF055): 0.0.PRE: A counterexample (cex) with 1 cycles was found for the property "Bridge_Top.chk_top.assert_nonseq_pselx" in 0.00 s.
INFO (IPF047): 0.0.PRE: The cover property "Bridge_Top.chk_top.assert_seq_pselx:precondition1" was covered in 1 cycles in 0.00 s.
INFO (IPF047): 0.0.PRE: The cover property "Bridge_Top.chk_top.assert_reset_pselx:precondition1" was covered in 1 cycles in 0.00 s.
0.0.PRE: A proof was found: No trace exists. [0.00 s]
INFO (IPF057): 0.0.PRE: The property "Bridge_Top.chk_top.assert_reset_pselx" was proven in 0.00 s.
0.0.N: Proof Simplification Iteration 2	[0.24 s]
0.0.PRE: A proof was found: No trace exists. [0.00 s]
INFO (IPF057): 0.0.PRE: The property ":noDeadEnd" was proven in 0.00 s.
    Use check_assumptions -show -dead_end to show this property in the property table.
0.0.PRE: A proof was found: No trace exists. [0.00 s]
INFO (IPF057): 0.0.PRE: The property ":noConflict" was proven in 0.00 s.
    Use check_assumptions -show to show this property in the property table.
INFO (IPF047): 0.0.PRE: The cover property ":live" was covered in 1 cycles in 0.00 s.
    Use check_assumptions -show -live to show this property in the property table.
0.0.PRE: Proof Simplification completed in 0.24 s
0.0.N: Identified and disabled 3 duplicated targets.
0: About to start ProofGrid in its own thread with a limit of 10000 pending notifications and a limit of 10 traces.
0: =============================== ProofGrid start ===============================
0: ProofGrid usable level: 2
0: Initial ProofGrid level: 1
0: ProofGrid is starting event handling
0.0.Hp: Proofgrid shell started at 1345283@micro27(local) jg_1345196_micro27_1
0.0.N: Proofgrid shell started at 1345282@micro27(local) jg_1345196_micro27_1
0.0.Hp: clocks: 1, declared: 1, looping: 0, posedge: 1, negedge: 0, noedge: 0, bothedge: 0
0.0.Hp: Trace Attempt  1	[0.01 s]
0.0.Hp: A trace with 1 cycles was found. [0.01 s]
INFO (IPF047): 0.0.Hp: The cover property "Bridge_Top.chk_top.assert_nonseq_write:precondition1" was covered in 1 cycles in 0.00 s.
0.0.Hp: Requesting engine job to terminate
INFO (IPF144): 0: Initiating shutdown of proof [0.01 s]
0.0.Hp: A trace with 1 cycles was found. [0.01 s]
INFO (IPF047): 0.0.Hp: The cover property "Bridge_Top.chk_top.assert_nonseq_read:precondition1" was covered in 1 cycles in 0.04 s.
INFO (IPF047): 0.0.Hp: The cover property "Bridge_Top.chk_top.assert_nonseq_timing:precondition1" was covered in 1 cycles in 0.04 s.
0.0.Hp: All properties determined. [0.01 s]
0.0.N: Requesting engine job to terminate
0.0.Hp: Exited with Success (@ 0.01 s)
0: ProofGrid usable level: 0
0.0.N: All properties determined. [0.00 s]
0.0.Ht: Proofgrid shell started at 1345314@micro27(local) jg_1345196_micro27_1
0.0.Ht: Requesting engine job to terminate
0.0.N: Exited with Success (@ 0.12 s)
0.0.Ht: Preventing job from starting because proof is shutting down.
0.0.Ht: Requesting engine job to terminate
0.0.Ht: Interrupted. [0.00 s]
0.0.Bm: Proofgrid shell started at 1345315@micro27(local) jg_1345196_micro27_1
0.0.Bm: Requesting engine job to terminate
0.0.Oh: Proofgrid shell started at 1345317@micro27(local) jg_1345196_micro27_1
0.0.Oh: Requesting engine job to terminate
0.0.Ht: Exited with Success (@ 0.13 s)
0.0.Bm: Preventing job from starting because proof is shutting down.
0.0.Bm: Requesting engine job to terminate
0.0.Bm: Interrupted. [0.00 s]
0.0.L: Proofgrid shell started at 1345318@micro27(local) jg_1345196_micro27_1
0.0.L: Requesting engine job to terminate
0.0.Oh: Preventing job from starting because proof is shutting down.
0.0.Oh: Requesting engine job to terminate
0.0.Bm: Exited with Success (@ 0.14 s)
0.0.Oh: Interrupted. [0.00 s]
0.0.L: Preventing job from starting because proof is shutting down.
0.0.L: Requesting engine job to terminate
0.0.Oh: Exited with Success (@ 0.14 s)
0.0.L: Interrupted. [0.00 s]
0.0.Mpcustom4: Proofgrid shell started at 1345316@micro27(local) jg_1345196_micro27_1
0.0.Mpcustom4: Requesting engine job to terminate
0.0.L: Exited with Success (@ 0.15 s)
0.0.Mpcustom4: Preventing job from starting because proof is shutting down.
0.0.Mpcustom4: Requesting engine job to terminate
0.0.Mpcustom4: Interrupted. [0.00 s]
0.0.Mpcustom4: Exited with Success (@ 0.15 s)
0: --------------------------------------------------------------
ProofGrid Summary (utilization 0.44 %)
--------------------------------------------------------------
     engines started                               :     7
     engine jobs started                           :     7

    Average time in state (seconds)
    ------------------------------------------------------
    Engine  Pending     Running        Dead    Utilization
    ------------------------------------------------------
      N        0.14        0.00        0.00        0.00 %
     Hp        0.12        0.00        0.00        3.23 %
     Ht        0.12        0.00        0.00        0.00 %
     Bm        0.13        0.00        0.00        0.00 %
    Mpcustom4        0.14        0.00        0.00        0.00 %
     Oh        0.12        0.00        0.00        0.00 %
      L        0.12        0.00        0.00        0.00 %
    all        0.13        0.00        0.00        0.44 %

    Total time in state (seconds)
    -----------------------------------------
            Pending     Running        Dead  
    -----------------------------------------
               0.88        0.00        0.00

    Data read    : 2.75 kiB
    Data written : 591.00 B

0: All pending notifications were processed.
INFO (IPF059): 0: Completed proof on task: "<embedded>"

==============================================================
SUMMARY
==============================================================
           Properties Considered              : 11
                 assertions                   : 6
                  - proven                    : 5 (83.3333%)
                  - bounded_proven (user)     : 0 (0%)
                  - bounded_proven (auto)     : 0 (0%)
                  - marked_proven             : 0 (0%)
                  - cex                       : 1 (16.6667%)
                  - ar_cex                    : 0 (0%)
                  - undetermined              : 0 (0%)
                  - unknown                   : 0 (0%)
                  - error                     : 0 (0%)
                 covers                       : 5
                  - unreachable               : 0 (0%)
                  - bounded_unreachable (user): 0 (0%)
                  - covered                   : 5 (100%)
                  - ar_covered                : 0 (0%)
                  - undetermined              : 0 (0%)
                  - unknown                   : 0 (0%)
                  - error                     : 0 (0%)
[<embedded>] % visualize -violation -property <embedded>::Bridge_Top.chk_top.assert_nonseq_pselx -new_window
INFO (IVS015): Setting Visualize task to "<embedded>".
INFO (IVS008): Expanding analysis region to enable visualization of "<embedded>::Bridge_Top.chk_top.assert_nonseq_pselx".
cex
[<embedded>] % include /homes/user/stud/fall23/ym3000/6863/CSEE-6863-Final-Project/SVA/top/top_sva.tcl
%% clear -all
INFO (IPF121): Cleared environment completely for new design analysis.
%% 
%% analyze -sv09 top_sva.sv
[-- (VERI-1482)] Analyzing Verilog file '/tools/cadence/jasper_2024.06p002/lib/verilog/packages/std/std.sv' into library 'std'
[-- (VERI-1482)] Analyzing Verilog file 'top_sva.sv'
%% analyze -sv09 ../../RTL/top.v
[-- (VERI-1482)] Analyzing Verilog file '../../RTL/top.v'
[INFO (VERI-2561)] ../../RTL/top.v(24): undeclared symbol 'Penable_temp', assumed default net type 'wire'
[INFO (VERI-2561)] ../../RTL/top.v(24): undeclared symbol 'Hreadyout_temp', assumed default net type 'wire'
[INFO (VERI-2561)] ../../RTL/top.v(24): undeclared symbol 'Pwrite_temp', assumed default net type 'wire'
[INFO (VERI-2561)] ../../RTL/top.v(24): undeclared symbol 'Pselx_temp', assumed default net type 'wire'
[INFO (VERI-2561)] ../../RTL/top.v(24): undeclared symbol 'Paddr_temp', assumed default net type 'wire'
[INFO (VERI-2561)] ../../RTL/top.v(24): undeclared symbol 'Pwdata_temp', assumed default net type 'wire'
%% analyze -sv09 ../../RTL/AHB_Interface.v
[-- (VERI-1482)] Analyzing Verilog file '../../RTL/AHB_Interface.v'
%% analyze -sv09 ../../RTL/APB_FSM.v
[-- (VERI-1482)] Analyzing Verilog file '../../RTL/APB_FSM.v'
%% elaborate -top Bridge_Top
INFO (ISW003): Top module name is "Bridge_Top".
[INFO (HIER-8002)] ../../RTL/top.v(27): Disabling old hierarchical reference handler
[INFO (VERI-1018)] ../../RTL/AHB_Interface.v(12): compiling module 'AHB_slave_interface'
[INFO (VERI-1018)] ../../RTL/APB_FSM.v(2): compiling module 'APB_FSM'
[INFO (VERI-1018)] top_sva.sv(1): compiling module 'top_sva'
[INFO (VERI-1018)] ../../RTL/top.v(1): compiling module 'Bridge_Top'
[WARN (VERI-1098)] ../../RTL/top.v(6): port 'Hreadyout' is already defined
[WARN (VERI-1330)] ../../RTL/top.v(24): actual bit length 1 differs from formal bit length 3 for port 'Pselx_temp'
[WARN (VERI-1330)] ../../RTL/top.v(24): actual bit length 1 differs from formal bit length 32 for port 'Paddr_temp'
[WARN (VERI-1330)] ../../RTL/top.v(24): actual bit length 1 differs from formal bit length 32 for port 'Pwdata_temp'
INFO (INL208): Elaboration synthesis summary:
  Number of synthesized netlists          5 (1 packages)
  Single run mode                         On
  Pipeline                                On (4 pipelined netlists)
  Late hierarchical reference connection  On
  Number of analyzed Verilog modules      5 (5 synthesized)
  Number of analyzed VHDL entities        0 (0 synthesized)
INFO (INL003): Clearing all state information (assumes, stopats, and so forth).
Bridge_Top
%% 
%% clock clk
%% reset ~rst
INFO (IPM031): Clearing proof results of all properties.
INFO (IRS006): Current reset condition is "rst".
Bridge_Top
[<embedded>] % prove -bg -all
background 0
INFO (IPF036): Starting proof on task: "<embedded>", 12 properties to prove with 0 already proven/unreachable
INFO (IRS029): Starting reset analysis: phase 1 of 4.
INFO (IRS030): Running reset analysis: phase 2 of 4.
INFO (IRS031): Running reset analysis: phase 3 of 4.
INFO (IRS020): Starting the reset analysis simulation with a limit of 100 iterations (phase 4 of 4).
INFO (IRS024): Reset iterations 0 to 4 analyzed.
INFO (IRS018): Reset analysis simulation executed for 3 iterations. Assigned values for 202 of 202 design flops, 36 of 68 design latches, 26 of 26 internal elements.
INFO (IRS039): Reset analysis complete.
INFO (IPF031): Settings used for proof thread 0:
    orchestration                 = on
    time_limit                    = 86400s
    per_property_time_limit       = 1s * 10 ^ scan
    engine_mode                   = auto
    proofgrid_per_engine_max_jobs = 1
    max engine jobs               = auto
    proofgrid_mode                = local
    proofgrid_restarts            = 10
0.0.PRE: A proof was found: No trace exists. [0.00 s]
INFO (IPF057): 0.0.PRE: The property "Bridge_Top.chk_top.assert_nonseq_write" was proven in 0.00 s.
0.0.PRE: A proof was found: No trace exists. [0.00 s]
INFO (IPF057): 0.0.PRE: The property "Bridge_Top.chk_top.assert_nonseq_read" was proven in 0.00 s.
0.0.PRE: A proof was found: No trace exists. [0.00 s]
INFO (IPF057): 0.0.PRE: The property "Bridge_Top.chk_top.assert_nonseq_timing" was proven in 0.00 s.
0.0.PRE: A proof was found: No trace exists. [0.00 s]
INFO (IPF057): 0.0.PRE: The property "Bridge_Top.chk_top.assert_seq_pselx" was proven in 0.00 s.
0: Found proofs for 4 properties in preprocessing
0: Using multistage preprocessing
0: Starting reduce
0: Finished reduce in 0s
0.0.PRE: Performing Proof Simplification...
0.0.N: clocks: 2, declared: 1, looping: 0, posedge: 2, negedge: 0, noedge: 0, bothedge: 0
0.0.N: Proof Simplification Iteration 1	[0.00 s]
0.0.PRE: A trace with 1 cycles was found. [0.00 s]
INFO (IPF047): 0.0.PRE: The cover property "Bridge_Top.chk_top.assert_seq_pselx:precondition1" was covered in 1 cycles in 0.00 s.
INFO (IPF047): 0.0.PRE: The cover property "Bridge_Top.chk_top.assert_reset_pselx:precondition1" was covered in 1 cycles in 0.00 s.
0.0.PRE: A proof was found: No trace exists. [0.00 s]
INFO (IPF057): 0.0.PRE: The property "Bridge_Top.chk_top.assert_reset_pselx" was proven in 0.00 s.
0.0.N: Proof Simplification Iteration 2	[0.19 s]
0.0.N: Proof Simplification Iteration 3	[0.19 s]
0.0.PRE: A proof was found: No trace exists. [0.00 s]
INFO (IPF057): 0.0.PRE: The property ":noDeadEnd" was proven in 0.00 s.
    Use check_assumptions -show -dead_end to show this property in the property table.
0.0.PRE: A proof was found: No trace exists. [0.00 s]
INFO (IPF057): 0.0.PRE: The property ":noConflict" was proven in 0.00 s.
    Use check_assumptions -show to show this property in the property table.
INFO (IPF047): 0.0.PRE: The cover property ":live" was covered in 1 cycles in 0.00 s.
    Use check_assumptions -show -live to show this property in the property table.
0.0.PRE: Proof Simplification completed in 0.20 s
0.0.N: Identified and disabled 3 duplicated targets.
0: About to start ProofGrid in its own thread with a limit of 10000 pending notifications and a limit of 10 traces.
0: =============================== ProofGrid start ===============================
0: ProofGrid usable level: 3
0: Initial ProofGrid level: 1
0: ProofGrid is starting event handling
0.0.N: Proofgrid shell started at 1347156@micro27(local) jg_1345196_micro27_2
0.0.N: clocks: 1, declared: 1, looping: 0, posedge: 1, negedge: 0, noedge: 0, bothedge: 0
0.0.N: Next scan (0) will use per property time limit: 1s * 10 ^ 0 = 1s
0.0.N: Starting proof for property "Bridge_Top.chk_top.assert_nonseq_write:precondition1"	[0.00 s].
0.0.N: Trace Attempt  1	[0.00 s]
0.0.N: A trace with 1 cycles was found. [0.00 s]
INFO (IPF047): 0.0.N: The cover property "Bridge_Top.chk_top.assert_nonseq_write:precondition1" was covered in 1 cycles in 0.00 s.
0.0.N: Stopped processing property "Bridge_Top.chk_top.assert_nonseq_write:precondition1"	[0.06 s].
0.0.Hp: Proofgrid shell started at 1347157@micro27(local) jg_1345196_micro27_2
0: ProofGrid usable level: 2
0.0.N: Starting proof for property "Bridge_Top.chk_top.assert_nonseq_read:precondition1"	[0.00 s].
0.0.N: Starting proof for property "Bridge_Top.chk_top.assert_nonseq_timing:precondition1"	[0.00 s].
0.0.N: Starting proof for property "Bridge_Top.chk_top.assert_nonseq_pselx:precondition1"	[0.00 s].
0.0.N: Trace Attempt  1	[0.00 s]
0.0.N: A trace with 1 cycles was found. [0.00 s]
INFO (IPF047): 0.0.N: The cover property "Bridge_Top.chk_top.assert_nonseq_read:precondition1" was covered in 1 cycles in 0.00 s.
INFO (IPF047): 0.0.N: The cover property "Bridge_Top.chk_top.assert_nonseq_timing:precondition1" was covered in 1 cycles in 0.00 s.
INFO (IPF047): 0.0.N: The cover property "Bridge_Top.chk_top.assert_nonseq_pselx:precondition1" was covered in 1 cycles in 0.00 s.
0.0.N: Stopped processing property "Bridge_Top.chk_top.assert_nonseq_read:precondition1"	[0.05 s].
0.0.N: Stopped processing property "Bridge_Top.chk_top.assert_nonseq_timing:precondition1"	[0.05 s].
0.0.N: Stopped processing property "Bridge_Top.chk_top.assert_nonseq_pselx:precondition1"	[0.05 s].
0.0.N: Last scan. Per property time limit: 0s
0.0.N: Starting proof for property "Bridge_Top.chk_top.assert_nonseq_pselx"	[0.00 s].
0.0.N: Trace Attempt  1	[0.00 s]
0.0.N: A max_length bound was found. The shortest trace is no longer than 2048 cycles. [0.00 s]
INFO (IPF008): 0.0.N: A max_length bound of 2048 was found for the property "Bridge_Top.chk_top.assert_nonseq_pselx" in 0.00 s.
0.0.N: Trace Attempt  2	[0.00 s]
0.0.N: Trace Attempt  2	[0.00 s]
0.0.N: Requesting engine job to terminate
0.0.Hp: Requesting engine job to terminate
INFO (IPF144): 0: Initiating shutdown of proof [0.02 s]
0.0.N: A trace with 2 cycles was found. [0.00 s]
INFO (IPF055): 0.0.N: A counterexample (cex) with 2 cycles was found for the property "Bridge_Top.chk_top.assert_nonseq_pselx" in 0.00 s.
0.0.N: Stopped processing property "Bridge_Top.chk_top.assert_nonseq_pselx"	[0.04 s].
0.0.N: All properties determined. [0.00 s]
0.0.N: Exited with Success (@ 0.03 s)
0: ProofGrid usable level: 0
0.0.Hp: Interrupted. [0.05 s]
0.0.Ht: Proofgrid shell started at 1347189@micro27(local) jg_1345196_micro27_2
0.0.Ht: Requesting engine job to terminate
0.0.Oh: Proofgrid shell started at 1347192@micro27(local) jg_1345196_micro27_2
0.0.Oh: Requesting engine job to terminate
0.0.Hp: Exited with Success (@ 0.12 s)
0.0.L: Proofgrid shell started at 1347193@micro27(local) jg_1345196_micro27_2
0.0.L: Requesting engine job to terminate
0.0.Bm: Proofgrid shell started at 1347190@micro27(local) jg_1345196_micro27_2
0.0.Bm: Requesting engine job to terminate
0.0.Oh: Preventing job from starting because proof is shutting down.
0.0.Oh: Requesting engine job to terminate
0.0.Ht: Preventing job from starting because proof is shutting down.
0.0.Ht: Requesting engine job to terminate
0.0.Oh: Interrupted. [0.00 s]
0.0.Ht: Interrupted. [0.00 s]
0.0.Bm: Preventing job from starting because proof is shutting down.
0.0.Bm: Requesting engine job to terminate
0.0.Oh: Exited with Success (@ 0.13 s)
0.0.Ht: Exited with Success (@ 0.13 s)
0.0.Bm: Interrupted. [0.00 s]
0.0.Mpcustom4: Proofgrid shell started at 1347191@micro27(local) jg_1345196_micro27_2
0.0.Mpcustom4: Requesting engine job to terminate
0.0.L: Preventing job from starting because proof is shutting down.
0.0.L: Requesting engine job to terminate
0.0.L: Interrupted. [0.00 s]
0.0.Bm: Exited with Success (@ 0.14 s)
0.0.B: Proofgrid shell started at 1347194@micro27(local) jg_1345196_micro27_2
0.0.B: Requesting engine job to terminate
0.0.AM: Proofgrid shell started at 1347195@micro27(local) jg_1345196_micro27_2
0.0.AM: Requesting engine job to terminate
0.0.L: Exited with Success (@ 0.14 s)
0.0.Mpcustom4: Preventing job from starting because proof is shutting down.
0.0.Mpcustom4: Requesting engine job to terminate
0.0.Mpcustom4: Interrupted. [0.00 s]
0.0.AM: Preventing job from starting because proof is shutting down.
0.0.AM: Requesting engine job to terminate
0.0.Mpcustom4: Exited with Success (@ 0.15 s)
0.0.B: Preventing job from starting because proof is shutting down.
0.0.B: Requesting engine job to terminate
0.0.B: Interrupted. [0.00 s]
0.0.AM: Interrupted. [0.00 s]
0.0.AM: Exited with Success (@ 0.15 s)
0.0.B: Exited with Success (@ 0.15 s)
0: --------------------------------------------------------------
ProofGrid Summary (utilization 2.18 %)
--------------------------------------------------------------
     engines started                               :     9
     engine jobs started                           :     9

    Average time in state (seconds)
    ------------------------------------------------------
    Engine  Pending     Running        Dead    Utilization
    ------------------------------------------------------
      N        0.10        0.02        0.00       14.61 %
     Hp        0.11        0.01        0.00        5.11 %
     Ht        0.12        0.00        0.00        0.00 %
     Bm        0.13        0.00        0.00        0.00 %
    Mpcustom4        0.13        0.00        0.00        0.00 %
     Oh        0.12        0.00        0.00        0.00 %
      L        0.12        0.00        0.00        0.00 %
      B        0.12        0.00        0.00        0.00 %
     AM        0.12        0.00        0.00        0.00 %
    all        0.12        0.00        0.00        2.18 %

    Total time in state (seconds)
    -----------------------------------------
            Pending     Running        Dead  
    -----------------------------------------
               1.07        0.02        0.00

    Data read    : 4.15 kiB
    Data written : 855.00 B

0: All pending notifications were processed.
INFO (IPF059): 0: Completed proof on task: "<embedded>"

==============================================================
SUMMARY
==============================================================
           Properties Considered              : 12
                 assertions                   : 6
                  - proven                    : 5 (83.3333%)
                  - bounded_proven (user)     : 0 (0%)
                  - bounded_proven (auto)     : 0 (0%)
                  - marked_proven             : 0 (0%)
                  - cex                       : 1 (16.6667%)
                  - ar_cex                    : 0 (0%)
                  - undetermined              : 0 (0%)
                  - unknown                   : 0 (0%)
                  - error                     : 0 (0%)
                 covers                       : 6
                  - unreachable               : 0 (0%)
                  - bounded_unreachable (user): 0 (0%)
                  - covered                   : 6 (100%)
                  - ar_covered                : 0 (0%)
                  - undetermined              : 0 (0%)
                  - unknown                   : 0 (0%)
                  - error                     : 0 (0%)
[<embedded>] % visualize -violation -property <embedded>::Bridge_Top.chk_top.assert_nonseq_pselx -new_window
INFO (IVS015): Setting Visualize task to "<embedded>".
INFO (IVS008): Expanding analysis region to enable visualization of "<embedded>::Bridge_Top.chk_top.assert_nonseq_pselx".
cex
[<embedded>] % include /homes/user/stud/fall23/ym3000/6863/CSEE-6863-Final-Project/SVA/top/top_sva.tcl
%% clear -all
INFO (IPF121): Cleared environment completely for new design analysis.
%% 
%% analyze -sv09 top_sva.sv
[-- (VERI-1482)] Analyzing Verilog file '/tools/cadence/jasper_2024.06p002/lib/verilog/packages/std/std.sv' into library 'std'
[-- (VERI-1482)] Analyzing Verilog file 'top_sva.sv'
%% analyze -sv09 ../../RTL/top.v
[-- (VERI-1482)] Analyzing Verilog file '../../RTL/top.v'
[INFO (VERI-2561)] ../../RTL/top.v(24): undeclared symbol 'Penable_temp', assumed default net type 'wire'
[INFO (VERI-2561)] ../../RTL/top.v(24): undeclared symbol 'Hreadyout_temp', assumed default net type 'wire'
[INFO (VERI-2561)] ../../RTL/top.v(24): undeclared symbol 'Pwrite_temp', assumed default net type 'wire'
[INFO (VERI-2561)] ../../RTL/top.v(24): undeclared symbol 'Pselx_temp', assumed default net type 'wire'
[INFO (VERI-2561)] ../../RTL/top.v(24): undeclared symbol 'Paddr_temp', assumed default net type 'wire'
[INFO (VERI-2561)] ../../RTL/top.v(24): undeclared symbol 'Pwdata_temp', assumed default net type 'wire'
%% analyze -sv09 ../../RTL/AHB_Interface.v
[-- (VERI-1482)] Analyzing Verilog file '../../RTL/AHB_Interface.v'
%% analyze -sv09 ../../RTL/APB_FSM.v
[-- (VERI-1482)] Analyzing Verilog file '../../RTL/APB_FSM.v'
%% elaborate -top Bridge_Top
INFO (ISW003): Top module name is "Bridge_Top".
[INFO (HIER-8002)] ../../RTL/top.v(27): Disabling old hierarchical reference handler
[INFO (VERI-1018)] ../../RTL/AHB_Interface.v(12): compiling module 'AHB_slave_interface'
[INFO (VERI-1018)] ../../RTL/APB_FSM.v(2): compiling module 'APB_FSM'
[INFO (VERI-1018)] top_sva.sv(1): compiling module 'top_sva'
[INFO (VERI-1018)] ../../RTL/top.v(1): compiling module 'Bridge_Top'
[WARN (VERI-1098)] ../../RTL/top.v(6): port 'Hreadyout' is already defined
[WARN (VERI-1330)] ../../RTL/top.v(24): actual bit length 1 differs from formal bit length 3 for port 'Pselx_temp'
[WARN (VERI-1330)] ../../RTL/top.v(24): actual bit length 1 differs from formal bit length 32 for port 'Paddr_temp'
[WARN (VERI-1330)] ../../RTL/top.v(24): actual bit length 1 differs from formal bit length 32 for port 'Pwdata_temp'
INFO (INL208): Elaboration synthesis summary:
  Number of synthesized netlists          5 (1 packages)
  Single run mode                         On
  Pipeline                                On (4 pipelined netlists)
  Late hierarchical reference connection  On
  Number of analyzed Verilog modules      5 (5 synthesized)
  Number of analyzed VHDL entities        0 (0 synthesized)
INFO (INL003): Clearing all state information (assumes, stopats, and so forth).
Bridge_Top
%% 
%% clock clk
%% reset ~rst
INFO (IPM031): Clearing proof results of all properties.
INFO (IRS006): Current reset condition is "rst".
Bridge_Top
[<embedded>] % prove -bg -all
INFO (IPF036): Starting proof on task: "<embedded>", 12 properties to prove with 0 already proven/unreachable
background 0
INFO (IRS029): Starting reset analysis: phase 1 of 4.
INFO (IRS030): Running reset analysis: phase 2 of 4.
INFO (IRS031): Running reset analysis: phase 3 of 4.
INFO (IRS020): Starting the reset analysis simulation with a limit of 100 iterations (phase 4 of 4).
INFO (IRS024): Reset iterations 0 to 4 analyzed.
INFO (IRS018): Reset analysis simulation executed for 3 iterations. Assigned values for 202 of 202 design flops, 36 of 68 design latches, 22 of 22 internal elements.
INFO (IRS039): Reset analysis complete.
INFO (IPF031): Settings used for proof thread 0:
    orchestration                 = on
    time_limit                    = 86400s
    per_property_time_limit       = 1s * 10 ^ scan
    engine_mode                   = auto
    proofgrid_per_engine_max_jobs = 1
    max engine jobs               = auto
    proofgrid_mode                = local
    proofgrid_restarts            = 10
0.0.PRE: A proof was found: No trace exists. [0.00 s]
INFO (IPF057): 0.0.PRE: The property "Bridge_Top.chk_top.assert_nonseq_write" was proven in 0.00 s.
0.0.PRE: A proof was found: No trace exists. [0.00 s]
INFO (IPF057): 0.0.PRE: The property "Bridge_Top.chk_top.assert_nonseq_read" was proven in 0.00 s.
0.0.PRE: A proof was found: No trace exists. [0.00 s]
INFO (IPF057): 0.0.PRE: The property "Bridge_Top.chk_top.assert_nonseq_timing" was proven in 0.00 s.
0.0.PRE: A proof was found: No trace exists. [0.00 s]
INFO (IPF057): 0.0.PRE: The property "Bridge_Top.chk_top.assert_nonseq_pselx" was proven in 0.00 s.
0.0.PRE: A proof was found: No trace exists. [0.00 s]
INFO (IPF057): 0.0.PRE: The property "Bridge_Top.chk_top.assert_seq_pselx" was proven in 0.00 s.
0: Found proofs for 5 properties in preprocessing
0: Using multistage preprocessing
0: Starting reduce
0: Finished reduce in 0s
0.0.PRE: Performing Proof Simplification...
0.0.N: clocks: 2, declared: 1, looping: 0, posedge: 2, negedge: 0, noedge: 0, bothedge: 0
0.0.N: Proof Simplification Iteration 1	[0.00 s]
0.0.PRE: A trace with 1 cycles was found. [0.00 s]
INFO (IPF047): 0.0.PRE: The cover property "Bridge_Top.chk_top.assert_seq_pselx:precondition1" was covered in 1 cycles in 0.00 s.
INFO (IPF047): 0.0.PRE: The cover property "Bridge_Top.chk_top.assert_reset_pselx:precondition1" was covered in 1 cycles in 0.00 s.
0.0.PRE: A proof was found: No trace exists. [0.00 s]
INFO (IPF057): 0.0.PRE: The property "Bridge_Top.chk_top.assert_reset_pselx" was proven in 0.00 s.
0.0.N: Proof Simplification Iteration 2	[0.50 s]
0.0.PRE: A proof was found: No trace exists. [0.00 s]
INFO (IPF057): 0.0.PRE: The property ":noDeadEnd" was proven in 0.00 s.
    Use check_assumptions -show -dead_end to show this property in the property table.
0.0.PRE: A proof was found: No trace exists. [0.00 s]
INFO (IPF057): 0.0.PRE: The property ":noConflict" was proven in 0.00 s.
    Use check_assumptions -show to show this property in the property table.
INFO (IPF047): 0.0.PRE: The cover property ":live" was covered in 1 cycles in 0.00 s.
    Use check_assumptions -show -live to show this property in the property table.
0.0.PRE: Proof Simplification completed in 0.50 s
0.0.N: Identified and disabled 3 duplicated targets.
0: About to start ProofGrid in its own thread with a limit of 10000 pending notifications and a limit of 10 traces.
0: =============================== ProofGrid start ===============================
0: ProofGrid usable level: 2
0: Initial ProofGrid level: 1
0: ProofGrid is starting event handling
0.0.N: Proofgrid shell started at 1349059@micro27(local) jg_1345196_micro27_3
0.0.N: clocks: 1, declared: 1, looping: 0, posedge: 1, negedge: 0, noedge: 0, bothedge: 0
0.0.N: Next scan (0) will use per property time limit: 1s * 10 ^ 0 = 1s
0.0.N: Starting proof for property "Bridge_Top.chk_top.assert_nonseq_write:precondition1"	[0.00 s].
0.0.N: Trace Attempt  1	[0.00 s]
0.0.N: A trace with 1 cycles was found. [0.00 s]
INFO (IPF047): 0.0.N: The cover property "Bridge_Top.chk_top.assert_nonseq_write:precondition1" was covered in 1 cycles in 0.00 s.
0.0.N: Stopped processing property "Bridge_Top.chk_top.assert_nonseq_write:precondition1"	[0.11 s].
0.0.Hp: Proofgrid shell started at 1349060@micro27(local) jg_1345196_micro27_3
0.0.N: Last scan. Per property time limit: 0s
0.0.N: Starting proof for property "Bridge_Top.chk_top.assert_nonseq_read:precondition1"	[0.00 s].
0.0.N: Starting proof for property "Bridge_Top.chk_top.assert_nonseq_timing:precondition1"	[0.00 s].
0.0.N: Starting proof for property "Bridge_Top.chk_top.assert_nonseq_pselx:precondition1"	[0.00 s].
0.0.N: Trace Attempt  1	[0.00 s]
0.0.N: Requesting engine job to terminate
INFO (IPF144): 0: Initiating shutdown of proof [0.02 s]
0.0.N: A trace with 1 cycles was found. [0.00 s]
INFO (IPF047): 0.0.N: The cover property "Bridge_Top.chk_top.assert_nonseq_read:precondition1" was covered in 1 cycles in 0.00 s.
INFO (IPF047): 0.0.N: The cover property "Bridge_Top.chk_top.assert_nonseq_timing:precondition1" was covered in 1 cycles in 0.00 s.
INFO (IPF047): 0.0.N: The cover property "Bridge_Top.chk_top.assert_nonseq_pselx:precondition1" was covered in 1 cycles in 0.00 s.
0.0.N: Stopped processing property "Bridge_Top.chk_top.assert_nonseq_read:precondition1"	[0.12 s].
0.0.N: Stopped processing property "Bridge_Top.chk_top.assert_nonseq_timing:precondition1"	[0.12 s].
0.0.N: Stopped processing property "Bridge_Top.chk_top.assert_nonseq_pselx:precondition1"	[0.12 s].
0.0.Hp: Preventing job from starting because proof is shutting down.
0.0.Hp: Requesting engine job to terminate
0.0.N: All properties determined. [0.00 s]
0.0.Hp: Interrupted. [0.00 s]
0.0.Hp: Exited with Success (@ 0.02 s)
0: ProofGrid usable level: 0
0.0.N: Exited with Success (@ 0.02 s)
0.0.Ht: Proofgrid shell started at 1349116@micro27(local) jg_1345196_micro27_3
0.0.Ht: Requesting engine job to terminate
0.0.Ht: Preventing job from starting because proof is shutting down.
0.0.Ht: Requesting engine job to terminate
0.0.Ht: Interrupted. [0.00 s]
0.0.Ht: Exited with Success (@ 0.14 s)
0.0.Mpcustom4: Proofgrid shell started at 1349122@micro27(local) jg_1345196_micro27_3
0.0.Mpcustom4: Requesting engine job to terminate
0.0.Bm: Proofgrid shell started at 1349121@micro27(local) jg_1345196_micro27_3
0.0.Bm: Requesting engine job to terminate
0.0.Oh: Proofgrid shell started at 1349123@micro27(local) jg_1345196_micro27_3
0.0.Oh: Requesting engine job to terminate
0.0.Mpcustom4: Preventing job from starting because proof is shutting down.
0.0.Mpcustom4: Requesting engine job to terminate
0.0.Mpcustom4: Interrupted. [0.00 s]
0.0.Bm: Preventing job from starting because proof is shutting down.
0.0.Bm: Requesting engine job to terminate
0.0.Mpcustom4: Exited with Success (@ 0.21 s)
0.0.Bm: Interrupted. [0.00 s]
0.0.L: Proofgrid shell started at 1349124@micro27(local) jg_1345196_micro27_3
0.0.L: Requesting engine job to terminate
0.0.Bm: Exited with Success (@ 0.22 s)
0.0.Oh: Preventing job from starting because proof is shutting down.
0.0.Oh: Requesting engine job to terminate
0.0.Oh: Interrupted. [0.00 s]
0.0.L: Preventing job from starting because proof is shutting down.
0.0.L: Requesting engine job to terminate
0.0.Oh: Exited with Success (@ 0.23 s)
0.0.L: Interrupted. [0.00 s]
0.0.L: Exited with Success (@ 0.23 s)
0: --------------------------------------------------------------
ProofGrid Summary (utilization 0.80 %)
--------------------------------------------------------------
     engines started                               :     7
     engine jobs started                           :     7

    Average time in state (seconds)
    ------------------------------------------------------
    Engine  Pending     Running        Dead    Utilization
    ------------------------------------------------------
      N        0.23        0.01        0.00        4.28 %
     Hp        0.23        0.00        0.00        0.00 %
     Ht        0.11        0.00        0.00        0.00 %
     Bm        0.17        0.00        0.00        0.00 %
    Mpcustom4        0.16        0.00        0.00        0.00 %
     Oh        0.17        0.00        0.00        0.00 %
      L        0.20        0.00        0.00        0.00 %
    all        0.18        0.00        0.00        0.80 %

    Total time in state (seconds)
    -----------------------------------------
            Pending     Running        Dead  
    -----------------------------------------
               1.28        0.01        0.00

    Data read    : 2.77 kiB
    Data written : 408.00 B

0: All pending notifications were processed.
INFO (IPF059): 0: Completed proof on task: "<embedded>"

==============================================================
SUMMARY
==============================================================
           Properties Considered              : 12
                 assertions                   : 6
                  - proven                    : 6 (100%)
                  - bounded_proven (user)     : 0 (0%)
                  - bounded_proven (auto)     : 0 (0%)
                  - marked_proven             : 0 (0%)
                  - cex                       : 0 (0%)
                  - ar_cex                    : 0 (0%)
                  - undetermined              : 0 (0%)
                  - unknown                   : 0 (0%)
                  - error                     : 0 (0%)
                 covers                       : 6
                  - unreachable               : 0 (0%)
                  - bounded_unreachable (user): 0 (0%)
                  - covered                   : 6 (100%)
                  - ar_covered                : 0 (0%)
                  - undetermined              : 0 (0%)
                  - unknown                   : 0 (0%)
                  - error                     : 0 (0%)
[<embedded>] % include /homes/user/stud/fall23/ym3000/6863/CSEE-6863-Final-Project/SVA/top/top_sva.tcl
%% clear -all
INFO (IPF121): Cleared environment completely for new design analysis.
%% 
%% analyze -sv09 top_sva.sv
[-- (VERI-1482)] Analyzing Verilog file '/tools/cadence/jasper_2024.06p002/lib/verilog/packages/std/std.sv' into library 'std'
[-- (VERI-1482)] Analyzing Verilog file 'top_sva.sv'
%% analyze -sv09 ../../RTL/top.v
[-- (VERI-1482)] Analyzing Verilog file '../../RTL/top.v'
[INFO (VERI-2561)] ../../RTL/top.v(24): undeclared symbol 'Penable_temp', assumed default net type 'wire'
[INFO (VERI-2561)] ../../RTL/top.v(24): undeclared symbol 'Hreadyout_temp', assumed default net type 'wire'
[INFO (VERI-2561)] ../../RTL/top.v(24): undeclared symbol 'Pwrite_temp', assumed default net type 'wire'
[INFO (VERI-2561)] ../../RTL/top.v(24): undeclared symbol 'Pselx_temp', assumed default net type 'wire'
[INFO (VERI-2561)] ../../RTL/top.v(24): undeclared symbol 'Paddr_temp', assumed default net type 'wire'
[INFO (VERI-2561)] ../../RTL/top.v(24): undeclared symbol 'Pwdata_temp', assumed default net type 'wire'
%% analyze -sv09 ../../RTL/AHB_Interface.v
[-- (VERI-1482)] Analyzing Verilog file '../../RTL/AHB_Interface.v'
%% analyze -sv09 ../../RTL/APB_FSM.v
[-- (VERI-1482)] Analyzing Verilog file '../../RTL/APB_FSM.v'
%% elaborate -top Bridge_Top
INFO (ISW003): Top module name is "Bridge_Top".
[INFO (HIER-8002)] ../../RTL/top.v(27): Disabling old hierarchical reference handler
[INFO (VERI-1018)] ../../RTL/AHB_Interface.v(12): compiling module 'AHB_slave_interface'
[INFO (VERI-1018)] ../../RTL/APB_FSM.v(2): compiling module 'APB_FSM'
[INFO (VERI-1018)] top_sva.sv(1): compiling module 'top_sva'
[INFO (VERI-1018)] ../../RTL/top.v(1): compiling module 'Bridge_Top'
[WARN (VERI-1098)] ../../RTL/top.v(6): port 'Hreadyout' is already defined
[WARN (VERI-1330)] ../../RTL/top.v(24): actual bit length 1 differs from formal bit length 3 for port 'Pselx_temp'
[WARN (VERI-1330)] ../../RTL/top.v(24): actual bit length 1 differs from formal bit length 32 for port 'Paddr_temp'
[WARN (VERI-1330)] ../../RTL/top.v(24): actual bit length 1 differs from formal bit length 32 for port 'Pwdata_temp'
INFO (INL208): Elaboration synthesis summary:
  Number of synthesized netlists          5 (1 packages)
  Single run mode                         On
  Pipeline                                On (4 pipelined netlists)
  Late hierarchical reference connection  On
  Number of analyzed Verilog modules      5 (5 synthesized)
  Number of analyzed VHDL entities        0 (0 synthesized)
INFO (INL003): Clearing all state information (assumes, stopats, and so forth).
Bridge_Top
%% 
%% clock clk
%% reset ~rst
INFO (IPM031): Clearing proof results of all properties.
INFO (IRS006): Current reset condition is "rst".
Bridge_Top
[<embedded>] % prove -bg -all
background 0
INFO (IPF036): Starting proof on task: "<embedded>", 12 properties to prove with 0 already proven/unreachable
INFO (IRS029): Starting reset analysis: phase 1 of 4.
INFO (IRS030): Running reset analysis: phase 2 of 4.
INFO (IRS031): Running reset analysis: phase 3 of 4.
INFO (IRS020): Starting the reset analysis simulation with a limit of 100 iterations (phase 4 of 4).
INFO (IRS024): Reset iterations 0 to 4 analyzed.
INFO (IRS018): Reset analysis simulation executed for 3 iterations. Assigned values for 202 of 202 design flops, 36 of 68 design latches, 22 of 22 internal elements.
INFO (IRS039): Reset analysis complete.
INFO (IPF031): Settings used for proof thread 0:
    orchestration                 = on
    time_limit                    = 86400s
    per_property_time_limit       = 1s * 10 ^ scan
    engine_mode                   = auto
    proofgrid_per_engine_max_jobs = 1
    max engine jobs               = auto
    proofgrid_mode                = local
    proofgrid_restarts            = 10
0.0.PRE: A proof was found: No trace exists. [0.00 s]
INFO (IPF057): 0.0.PRE: The property "Bridge_Top.chk_top.assert_nonseq_write" was proven in 0.00 s.
0.0.PRE: A proof was found: No trace exists. [0.00 s]
INFO (IPF057): 0.0.PRE: The property "Bridge_Top.chk_top.assert_nonseq_read" was proven in 0.00 s.
0.0.PRE: A proof was found: No trace exists. [0.00 s]
INFO (IPF057): 0.0.PRE: The property "Bridge_Top.chk_top.assert_nonseq_timing" was proven in 0.00 s.
0.0.PRE: A proof was found: No trace exists. [0.00 s]
INFO (IPF057): 0.0.PRE: The property "Bridge_Top.chk_top.assert_nonseq_pselx" was proven in 0.00 s.
0.0.PRE: A proof was found: No trace exists. [0.00 s]
INFO (IPF057): 0.0.PRE: The property "Bridge_Top.chk_top.assert_seq_pselx" was proven in 0.00 s.
0: Found proofs for 5 properties in preprocessing
0: Using multistage preprocessing
0: Starting reduce
0: Finished reduce in 0s
0.0.PRE: Performing Proof Simplification...
0.0.N: clocks: 2, declared: 1, looping: 0, posedge: 2, negedge: 0, noedge: 0, bothedge: 0
0.0.N: Proof Simplification Iteration 1	[0.00 s]
0.0.PRE: A trace with 1 cycles was found. [0.00 s]
INFO (IPF047): 0.0.PRE: The cover property "Bridge_Top.chk_top.assert_seq_pselx:precondition1" was covered in 1 cycles in 0.00 s.
INFO (IPF047): 0.0.PRE: The cover property "Bridge_Top.chk_top.assert_reset_pselx:precondition1" was covered in 1 cycles in 0.00 s.
0.0.PRE: A proof was found: No trace exists. [0.00 s]
INFO (IPF057): 0.0.PRE: The property "Bridge_Top.chk_top.assert_reset_pselx" was proven in 0.00 s.
0.0.N: Proof Simplification Iteration 2	[0.62 s]
0.0.PRE: A proof was found: No trace exists. [0.00 s]
INFO (IPF057): 0.0.PRE: The property ":noDeadEnd" was proven in 0.00 s.
    Use check_assumptions -show -dead_end to show this property in the property table.
0.0.PRE: A proof was found: No trace exists. [0.00 s]
INFO (IPF057): 0.0.PRE: The property ":noConflict" was proven in 0.00 s.
    Use check_assumptions -show to show this property in the property table.
INFO (IPF047): 0.0.PRE: The cover property ":live" was covered in 1 cycles in 0.00 s.
    Use check_assumptions -show -live to show this property in the property table.
0.0.PRE: Proof Simplification completed in 0.62 s
0.0.N: Identified and disabled 3 duplicated targets.
0: About to start ProofGrid in its own thread with a limit of 10000 pending notifications and a limit of 10 traces.
0: =============================== ProofGrid start ===============================
0: ProofGrid usable level: 2
0: Initial ProofGrid level: 1
0: ProofGrid is starting event handling
0.0.N: Proofgrid shell started at 1349902@micro27(local) jg_1345196_micro27_4
0.0.Hp: Proofgrid shell started at 1349903@micro27(local) jg_1345196_micro27_4
0.0.N: clocks: 1, declared: 1, looping: 0, posedge: 1, negedge: 0, noedge: 0, bothedge: 0
0.0.N: Next scan (0) will use per property time limit: 1s * 10 ^ 0 = 1s
0.0.N: Starting proof for property "Bridge_Top.chk_top.assert_nonseq_write:precondition1"	[0.00 s].
0.0.N: Trace Attempt  1	[0.00 s]
0.0.N: A trace with 1 cycles was found. [0.00 s]
INFO (IPF047): 0.0.N: The cover property "Bridge_Top.chk_top.assert_nonseq_write:precondition1" was covered in 1 cycles in 0.00 s.
0.0.N: Stopped processing property "Bridge_Top.chk_top.assert_nonseq_write:precondition1"	[0.07 s].
0.0.N: Last scan. Per property time limit: 0s
0.0.N: Starting proof for property "Bridge_Top.chk_top.assert_nonseq_read:precondition1"	[0.00 s].
0.0.N: Starting proof for property "Bridge_Top.chk_top.assert_nonseq_timing:precondition1"	[0.00 s].
0.0.N: Starting proof for property "Bridge_Top.chk_top.assert_nonseq_pselx:precondition1"	[0.00 s].
0: ProofGrid usable level: 1
0.0.N: Trace Attempt  1	[0.00 s]
0.0.N: Requesting engine job to terminate
INFO (IPF144): 0: Initiating shutdown of proof [0.02 s]
0.0.N: A trace with 1 cycles was found. [0.00 s]
INFO (IPF047): 0.0.N: The cover property "Bridge_Top.chk_top.assert_nonseq_read:precondition1" was covered in 1 cycles in 0.00 s.
INFO (IPF047): 0.0.N: The cover property "Bridge_Top.chk_top.assert_nonseq_timing:precondition1" was covered in 1 cycles in 0.00 s.
INFO (IPF047): 0.0.N: The cover property "Bridge_Top.chk_top.assert_nonseq_pselx:precondition1" was covered in 1 cycles in 0.00 s.
0.0.N: Stopped processing property "Bridge_Top.chk_top.assert_nonseq_read:precondition1"	[0.11 s].
0.0.N: Stopped processing property "Bridge_Top.chk_top.assert_nonseq_timing:precondition1"	[0.11 s].
0.0.N: Stopped processing property "Bridge_Top.chk_top.assert_nonseq_pselx:precondition1"	[0.11 s].
0.0.Hp: Preventing job from starting because proof is shutting down.
0.0.Hp: Requesting engine job to terminate
0.0.Hp: Interrupted. [0.00 s]
0.0.Hp: Exited with Success (@ 0.02 s)
0: ProofGrid usable level: 0
0.0.N: All properties determined. [0.01 s]
0.0.Bm: Proofgrid shell started at 1349951@micro27(local) jg_1345196_micro27_4
0.0.Bm: Requesting engine job to terminate
0.0.N: Exited with Success (@ 0.12 s)
0.0.Ht: Proofgrid shell started at 1349950@micro27(local) jg_1345196_micro27_4
0.0.Ht: Requesting engine job to terminate
0.0.Ht: Preventing job from starting because proof is shutting down.
0.0.Ht: Requesting engine job to terminate
0.0.Ht: Interrupted. [0.00 s]
0.0.Mpcustom4: Proofgrid shell started at 1349952@micro27(local) jg_1345196_micro27_4
0.0.Mpcustom4: Requesting engine job to terminate
0.0.Ht: Exited with Success (@ 0.14 s)
0.0.Bm: Preventing job from starting because proof is shutting down.
0.0.Bm: Requesting engine job to terminate
0.0.Bm: Interrupted. [0.00 s]
0.0.Oh: Proofgrid shell started at 1349953@micro27(local) jg_1345196_micro27_4
0.0.Oh: Requesting engine job to terminate
0.0.Bm: Exited with Success (@ 0.15 s)
0.0.Mpcustom4: Preventing job from starting because proof is shutting down.
0.0.Mpcustom4: Requesting engine job to terminate
0.0.Mpcustom4: Interrupted. [0.00 s]
0.0.Oh: Preventing job from starting because proof is shutting down.
0.0.Oh: Requesting engine job to terminate
0.0.Mpcustom4: Exited with Success (@ 0.16 s)
0.0.Oh: Interrupted. [0.00 s]
0.0.Oh: Exited with Success (@ 0.17 s)
0: --------------------------------------------------------------
ProofGrid Summary (utilization 1.32 %)
--------------------------------------------------------------
     engines started                               :     6
     engine jobs started                           :     6

    Average time in state (seconds)
    ------------------------------------------------------
    Engine  Pending     Running        Dead    Utilization
    ------------------------------------------------------
      N        0.15        0.01        0.00        6.55 %
     Hp        0.14        0.00        0.00        0.00 %
     Ht        0.12        0.00        0.00        0.00 %
     Bm        0.12        0.00        0.00        0.00 %
    Mpcustom4        0.13        0.00        0.00        0.00 %
     Oh        0.14        0.00        0.00        0.00 %
    all        0.13        0.00        0.00        1.32 %

    Total time in state (seconds)
    -----------------------------------------
            Pending     Running        Dead  
    -----------------------------------------
               0.80        0.01        0.00

    Data read    : 2.46 kiB
    Data written : 378.00 B

0: All pending notifications were processed.
INFO (IPF059): 0: Completed proof on task: "<embedded>"

==============================================================
SUMMARY
==============================================================
           Properties Considered              : 12
                 assertions                   : 6
                  - proven                    : 6 (100%)
                  - bounded_proven (user)     : 0 (0%)
                  - bounded_proven (auto)     : 0 (0%)
                  - marked_proven             : 0 (0%)
                  - cex                       : 0 (0%)
                  - ar_cex                    : 0 (0%)
                  - undetermined              : 0 (0%)
                  - unknown                   : 0 (0%)
                  - error                     : 0 (0%)
                 covers                       : 6
                  - unreachable               : 0 (0%)
                  - bounded_unreachable (user): 0 (0%)
                  - covered                   : 6 (100%)
                  - ar_covered                : 0 (0%)
                  - undetermined              : 0 (0%)
                  - unknown                   : 0 (0%)
                  - error                     : 0 (0%)
