2024-12-13 15:54:21.111322 (1453387) main____ INFO    ----------------------------------------
2024-12-13 15:54:21.111398 (1453387) main____ INFO    Jasper version info
2024-12-13 15:54:21.111407 (1453387) main____ INFO      tool      : Jasper 2024.06
2024-12-13 15:54:21.111413 (1453387) main____ INFO      version   : 2024.06p002 64 bits
2024-12-13 15:54:21.111417 (1453387) main____ INFO      build date: 2024.09.02 16:28:38 UTC
2024-12-13 15:54:21.111419 (1453387) main____ INFO    ----------------------------------------
2024-12-13 15:54:21.111421 (1453387) main____ INFO    Runtime info:
2024-12-13 15:54:21.111423 (1453387) main____ INFO      platform  : Linux 4.18.0-553.30.1.el8_10.x86_64 x86_64
2024-12-13 15:54:21.111431 (1453387) main____ INFO      hostname  : micro12
2024-12-13 15:54:21.111436 (1453387) main____ INFO      pid       : 1453387
2024-12-13 15:54:21.111438 (1453387) main____ INFO      arguments : '-style' 'windows' 'APB_FSM_sva.tcl'
2024-12-13 15:54:21.111442 (1453387) main____ INFO      locale    : UTF-8
2024-12-13 15:54:21.111444 (1453387) main____ INFO    ----------------------------------------
2024-12-13 15:54:21.111445 (1453387) main____ INFO    System resource limits info:
2024-12-13 15:54:21.111449 (1453387) main____ INFO      virtual memory: unlimited
2024-12-13 15:54:21.111452 (1453387) main____ INFO      cpu time      : unlimited
2024-12-13 15:54:21.111460 (1453387) main____ INFO      processes     : 126067
2024-12-13 15:54:21.111469 (1453387) main____ INFO      stack size    : 8388608 B
2024-12-13 15:54:21.111473 (1453387) main____ INFO      core file size: 0 B
2024-12-13 15:54:21.111476 (1453387) main____ INFO      open files    : 1024
2024-12-13 15:54:21.111479 (1453387) main____ INFO      file size     : unlimited
2024-12-13 15:54:21.111481 (1453387) main____ INFO    ----------------------------------------
2024-12-13 15:54:21.111483 (1453387) main____ INFO    Memory statistics:
2024-12-13 15:54:21.111487 (1453387) main____ INFO      total physical memory  : 32333532 kB
2024-12-13 15:54:21.111490 (1453387) main____ INFO      free physical memory   : 11657480 kB
2024-12-13 15:54:21.111494 (1453387) main____ INFO      committed address space: 16927308 kB
2024-12-13 15:54:21.111495 (1453387) main____ INFO    ----------------------------------------
2024-12-13 15:54:21.112258 (1453387) main____ INFO    Important environment variables:
2024-12-13 15:54:21.112278 (1453387) main____ INFO      CDS_LIC_FILE       : '5280@bioeelincad.ee.columbia.edu'
2024-12-13 15:54:21.112282 (1453387) main____ INFO      CDS_LOAD_ENV       : 'CWD'
2024-12-13 15:54:21.112285 (1453387) main____ INFO      DISPLAY            : ':2'
2024-12-13 15:54:21.112288 (1453387) main____ INFO      JASPER_CPU_CHECK   : '1'
2024-12-13 15:54:21.112291 (1453387) main____ INFO      JASPER_INSTALL_DIR : '/tools/cadence/jasper_2024.06p002'
2024-12-13 15:54:21.112294 (1453387) main____ INFO      JASPER_KERNEL_CHECK: '1'
2024-12-13 15:54:21.112296 (1453387) main____ INFO      JASPER_OS_CHECK    : '1'
2024-12-13 15:54:21.112299 (1453387) main____ INFO      LANG               : 'en_US.UTF-8'
2024-12-13 15:54:21.112301 (1453387) main____ INFO    ----------------------------------------
2024-12-13 15:54:21.112869 (1453387) lic_core INFO    Initializing license system ...
2024-12-13 15:54:21.120637 (1453387) lic_core INFO    ... license system initialized.
2024-12-13 15:54:21.145198 (1453387) lic__man INFO    Claim 'main' for <ui>.
2024-12-13 15:54:21.145244 (1453387) lic_core INFO    (1) checking out 'jasper_interactive' ...
2024-12-13 15:54:21.160250 (1453387) lic_core INFO    ... (1) checkout succeeded
2024-12-13 15:54:21.160307 (1453387) lic__man INFO    Claim 'fpv' for <ui>.
2024-12-13 15:54:21.160326 (1453387) lic_core INFO    (2) checking out 'jasper_fpv' ...
2024-12-13 15:54:21.165550 (1453387) lic_core INFO    ... (2) checkout failed (error: -5) ("FLEXnet ERROR(-5, 0, 0): No such feature exists.")
2024-12-13 15:54:21.165588 (1453387) lic_core INFO    (3) checking out 'jasper_fao' ...
2024-12-13 15:54:21.179984 (1453387) lic_core INFO    ... (3) checkout succeeded
2024-12-13 15:54:21.180530 (1453387) main____ INFO    Tool inactivity delay is 480000 ms.
2024-12-13 15:54:21.840314 (1453387) lic__man INFO    Claim 'fpv' for <ui>.
2024-12-13 15:54:22.112021 (1453387) lic__man INFO    Unclaim 'fpv' for <ui>.
2024-12-13 15:54:22.112068 (1453387) lic__man INFO    Claim 'fpv' for <ui>.
2024-12-13 15:54:22.140820 (1453387) session_ INFO    Starting analysis session with session id 'session_0' (launcher: <local>) ...
2024-12-13 15:54:22.143860 (1453387) session_ INFO    Analysis session with session id 'session_0' started (pid: 1453408)
2024-12-13 15:54:23.579414 (1453387) session_ INFO    Analysis session 'session_0' connected to the console (host: 127.0.0.1:47964)
2024-12-13 15:54:24.089858 (1453387) main____ INFO    Releasing console memory by request of analysis session 'session_0'.
2024-12-13 15:54:24.090631 (1453387) lic__man INFO    Unclaim everything for 'session_0'.
2024-12-13 15:54:24.761151 (1453387) lic__man INFO    Unclaim everything for 'session_0'.
2024-12-13 15:54:26.026979 (1453387) lic__man INFO    Claim 'fpv' for 'session_0'.
2024-12-13 15:54:26.027018 (1453387) lic__man INFO    Claim 'fpv' for 'session_0/prove-0'.
2024-12-13 15:54:26.874680 (1453387) lic__man INFO    Unclaim everything for 'session_0/prove-0'.
2024-12-13 15:54:47.761458 (1453387) main____ INFO    About to exit: requested from GUI
2024-12-13 15:54:47.929557 (1453387) session_ INFO    Analysis session 'session_0' disconnected.
2024-12-13 15:54:47.937465 (1453387) lic_core INFO    (1) checkin jasper_interactive
2024-12-13 15:54:47.938280 (1453387) lic_core INFO    (3) checkin jasper_fao
2024-12-13 15:54:47.939098 (1453387) main____ INFO    Exiting with status 0.
